<?xml version="1.0" encoding="UTF-8"?>
<!-- Generated by org.testng.reporters.JUnitReportReporter -->
<testsuite hostname="Sajil" failures="0" tests="1" name="tests.SanityTests" time="1.359" errors="0" timestamp="2022-06-06T19:06:46 EDT" skipped="0">
  <testcase classname="tests.SanityTests" name="canLaunchWebDriver" time="1.359"/>
  <system-out/>
</testsuite> <!-- tests.SanityTests -->
